TN:
SF:src\config.js
FNF:0
FNH:0
DA:5,11
DA:7,11
DA:8,11
DA:9,11
DA:10,11
DA:11,9
DA:14,2
DA:15,1
DA:23,11
LF:9
LH:9
BRDA:10,0,0,9
BRDA:10,0,1,2
BRDA:14,1,0,1
BRDA:14,1,1,1
BRF:4
BRH:4
end_of_record
TN:
SF:src\commands\auth.js
FN:36,isValidApiKeyFormat
FN:48,validateApiKey
FN:63,(anonymous_2)
FN:87,updateCredentialsIfNeeded
FN:101,loginWithApiKey
FN:149,login
FN:206,logout
FN:230,register
FN:246,(anonymous_8)
FN:276,whoami
FN:360,(anonymous_10)
FN:390,quota
FN:494,createProgressBar
FN:517,getPercentColor
FN:529,resendEmailVerification
FNF:15
FNH:14
FNDA:27,isValidApiKeyFormat
FNDA:27,validateApiKey
FNDA:0,(anonymous_2)
FNDA:13,updateCredentialsIfNeeded
FNDA:10,loginWithApiKey
FNDA:12,login
FNDA:3,logout
FNDA:4,register
FNDA:4,(anonymous_8)
FNDA:13,whoami
FNDA:1,(anonymous_10)
FNDA:7,quota
FNDA:10,createProgressBar
FNDA:10,getPercentColor
FNDA:8,resendEmailVerification
DA:29,2
DA:30,2
DA:37,27
DA:38,1
DA:42,26
DA:51,27
DA:52,3
DA:55,24
DA:56,24
DA:62,22
DA:63,2
DA:64,2
DA:65,1
DA:67,1
DA:70,19
DA:71,1
DA:74,18
DA:75,18
DA:76,17
DA:78,1
DA:80,3
DA:88,13
DA:89,2
DA:102,10
DA:103,10
DA:105,10
DA:107,10
DA:108,1
DA:113,1
DA:116,9
DA:118,9
DA:120,9
DA:121,4
DA:122,4
DA:127,4
DA:130,5
DA:131,1
DA:132,1
DA:135,1
DA:138,4
DA:140,4
DA:151,12
DA:152,2
DA:153,2
DA:154,2
DA:155,2
DA:158,10
DA:160,10
DA:161,10
DA:162,6
DA:164,4
DA:167,4
DA:175,4
DA:176,4
DA:177,12
DA:178,12
DA:179,2
DA:183,2
DA:186,2
DA:188,2
DA:194,4
DA:195,2
DA:196,2
DA:197,2
DA:200,4
DA:207,3
DA:209,3
DA:210,1
DA:211,1
DA:214,2
DA:216,2
DA:218,2
DA:219,2
DA:220,1
DA:222,2
DA:231,4
DA:232,4
DA:235,4
DA:236,4
DA:237,4
DA:239,4
DA:240,1
DA:241,3
DA:242,3
DA:243,3
DA:246,4
DA:247,4
DA:248,1
DA:254,4
DA:255,4
DA:256,4
DA:257,4
DA:259,4
DA:260,4
DA:263,4
DA:266,4
DA:269,4
DA:270,4
DA:277,13
DA:279,13
DA:280,1
DA:281,1
DA:282,1
DA:283,1
DA:284,1
DA:285,1
DA:286,1
DA:287,1
DA:288,1
DA:291,12
DA:294,12
DA:296,12
DA:297,4
DA:298,4
DA:299,4
DA:300,4
DA:304,8
DA:306,8
DA:308,13
DA:309,13
DA:312,13
DA:315,13
DA:318,13
DA:319,13
DA:321,13
DA:322,1
DA:323,7
DA:324,1
DA:327,6
DA:328,1
DA:330,5
DA:333,8
DA:334,8
DA:336,8
DA:337,8
DA:339,13
DA:342,13
DA:344,13
DA:345,13
DA:347,13
DA:349,13
DA:350,13
DA:352,13
DA:353,13
DA:354,13
DA:355,13
DA:358,13
DA:359,1
DA:360,1
DA:361,1
DA:364,8
DA:365,7
DA:366,7
DA:370,8
DA:371,2
DA:372,2
DA:373,2
DA:374,2
DA:378,8
DA:379,5
DA:380,5
DA:381,5
DA:382,5
DA:383,5
DA:391,7
DA:393,7
DA:394,1
DA:395,1
DA:396,1
DA:397,1
DA:398,1
DA:399,1
DA:402,1
DA:405,1
DA:408,1
DA:411,1
DA:412,1
DA:413,1
DA:414,1
DA:415,1
DA:416,1
DA:417,1
DA:418,1
DA:419,1
DA:420,1
DA:421,1
DA:424,6
DA:426,6
DA:428,6
DA:429,1
DA:430,1
DA:434,1
DA:438,5
DA:440,5
DA:441,5
DA:446,7
DA:447,7
DA:448,7
DA:449,7
DA:451,7
DA:456,7
DA:458,7
DA:460,7
DA:461,7
DA:463,7
DA:467,7
DA:468,7
DA:469,7
DA:472,7
DA:475,7
DA:478,7
DA:479,1
DA:482,5
DA:483,1
DA:488,5
DA:495,10
DA:496,10
DA:497,10
DA:499,10
DA:502,10
DA:503,3
DA:504,7
DA:505,1
DA:507,6
DA:510,10
DA:511,10
DA:518,10
DA:519,3
DA:520,7
DA:521,1
DA:523,6
DA:530,8
DA:532,8
DA:533,1
DA:534,1
DA:535,1
DA:538,7
DA:540,7
DA:541,7
DA:543,3
DA:544,1
DA:545,1
DA:547,2
DA:548,2
DA:549,2
DA:550,1
DA:556,4
DA:557,4
DA:558,1
DA:560,3
DA:561,1
DA:562,1
DA:564,2
DA:565,4
LF:254
LH:254
BRDA:37,0,0,1
BRDA:37,0,1,26
BRDA:37,1,0,27
BRDA:37,1,1,27
BRDA:51,2,0,3
BRDA:51,2,1,24
BRDA:62,3,0,2
BRDA:62,3,1,20
BRDA:64,4,0,1
BRDA:64,4,1,1
BRDA:70,5,0,1
BRDA:70,5,1,18
BRDA:75,6,0,17
BRDA:75,6,1,1
BRDA:88,7,0,2
BRDA:88,7,1,11
BRDA:88,8,0,13
BRDA:88,8,1,2
BRDA:92,9,0,2
BRDA:92,9,1,1
BRDA:93,10,0,2
BRDA:93,10,1,1
BRDA:107,11,0,1
BRDA:107,11,1,9
BRDA:120,12,0,4
BRDA:120,12,1,5
BRDA:130,13,0,1
BRDA:130,13,1,4
BRDA:151,14,0,2
BRDA:151,14,1,10
BRDA:153,15,0,2
BRDA:153,15,1,1
BRDA:161,16,0,6
BRDA:161,16,1,4
BRDA:176,17,0,4
BRDA:176,17,1,2
BRDA:177,18,0,12
BRDA:177,18,1,2
BRDA:178,19,0,2
BRDA:178,19,1,10
BRDA:180,20,0,2
BRDA:180,20,1,1
BRDA:180,21,0,2
BRDA:180,21,1,1
BRDA:183,22,0,2
BRDA:183,22,1,2
BRDA:184,23,0,2
BRDA:184,23,1,1
BRDA:186,24,0,2
BRDA:186,24,1,2
BRDA:187,25,0,2
BRDA:187,25,1,1
BRDA:194,26,0,2
BRDA:194,26,1,2
BRDA:194,27,0,4
BRDA:194,27,1,2
BRDA:209,28,0,1
BRDA:209,28,1,2
BRDA:219,29,0,1
BRDA:219,29,1,1
BRDA:239,30,0,1
BRDA:239,30,1,3
BRDA:241,31,0,3
BRDA:241,31,1,0
BRDA:247,32,0,1
BRDA:247,32,1,3
BRDA:279,33,0,1
BRDA:279,33,1,12
BRDA:296,34,0,4
BRDA:296,34,1,8
BRDA:306,35,0,8
BRDA:306,35,1,4
BRDA:312,36,0,2
BRDA:312,36,1,6
BRDA:315,37,0,13
BRDA:315,37,1,4
BRDA:321,38,0,1
BRDA:321,38,1,7
BRDA:321,39,0,13
BRDA:321,39,1,2
BRDA:323,40,0,1
BRDA:323,40,1,6
BRDA:327,41,0,1
BRDA:327,41,1,5
BRDA:337,42,0,8
BRDA:337,42,1,7
BRDA:339,43,0,13
BRDA:339,43,1,7
BRDA:340,44,0,7
BRDA:340,44,1,7
BRDA:342,45,0,13
BRDA:342,45,1,7
BRDA:343,46,0,7
BRDA:343,46,1,7
BRDA:345,47,0,13
BRDA:345,47,1,8
BRDA:347,48,0,13
BRDA:347,48,1,8
BRDA:348,49,0,8
BRDA:348,49,1,8
BRDA:358,50,0,1
BRDA:358,50,1,12
BRDA:358,51,0,13
BRDA:358,51,1,1
BRDA:364,52,0,7
BRDA:364,52,1,1
BRDA:370,53,0,2
BRDA:370,53,1,6
BRDA:370,54,0,8
BRDA:370,54,1,4
BRDA:378,55,0,5
BRDA:378,55,1,3
BRDA:378,56,0,8
BRDA:378,56,1,6
BRDA:393,57,0,1
BRDA:393,57,1,6
BRDA:428,58,0,1
BRDA:428,58,1,5
BRDA:442,59,0,5
BRDA:442,59,1,5
BRDA:446,60,0,7
BRDA:446,60,1,1
BRDA:447,61,0,7
BRDA:447,61,1,1
BRDA:456,62,0,7
BRDA:456,62,1,3
BRDA:458,63,0,7
BRDA:458,63,1,5
BRDA:459,64,0,5
BRDA:459,64,1,1
BRDA:468,65,0,7
BRDA:468,65,1,4
BRDA:470,66,0,7
BRDA:470,66,1,5
BRDA:473,67,0,7
BRDA:473,67,1,5
BRDA:478,68,0,1
BRDA:478,68,1,6
BRDA:482,69,0,1
BRDA:482,69,1,4
BRDA:494,70,0,10
BRDA:502,71,0,3
BRDA:502,71,1,7
BRDA:504,72,0,1
BRDA:504,72,1,6
BRDA:518,73,0,3
BRDA:518,73,1,7
BRDA:520,74,0,1
BRDA:520,74,1,6
BRDA:532,75,0,1
BRDA:532,75,1,7
BRDA:543,76,0,1
BRDA:543,76,1,2
BRDA:548,77,0,2
BRDA:548,77,1,1
BRDA:549,78,0,1
BRDA:549,78,1,1
BRDA:557,79,0,1
BRDA:557,79,1,3
BRDA:560,80,0,1
BRDA:560,80,1,2
BRDA:564,81,0,2
BRDA:564,81,1,1
BRF:163
BRH:162
end_of_record
TN:
SF:src\commands\deploy.js
FN:52,calculateFolderSize
FN:66,(anonymous_1)
FN:95,deploy
FN:154,(anonymous_3)
FN:159,(anonymous_4)
FN:201,(anonymous_5)
FN:273,(anonymous_6)
FN:373,(anonymous_7)
FN:478,(anonymous_8)
FNF:9
FNH:9
FNDA:42,calculateFolderSize
FNDA:316,(anonymous_1)
FNDA:42,deploy
FNDA:43,(anonymous_3)
FNDA:315,(anonymous_4)
FNDA:13,(anonymous_5)
FNDA:1,(anonymous_6)
FNDA:1,(anonymous_7)
FNDA:1,(anonymous_8)
DA:53,42
DA:57,42
DA:59,42
DA:60,43
DA:61,43
DA:62,43
DA:65,43
DA:67,316
DA:70,1
DA:73,42
DA:74,41
DA:75,41
DA:76,41
DA:77,41
DA:84,42
DA:96,42
DA:97,42
DA:100,42
DA:101,42
DA:102,2
DA:103,2
DA:105,1
DA:114,1
DA:119,42
DA:120,4
DA:129,4
DA:133,42
DA:134,1
DA:143,1
DA:147,42
DA:148,42
DA:154,42
DA:155,43
DA:156,42
DA:157,43
DA:158,43
DA:159,315
DA:162,42
DA:164,42
DA:165,1
DA:166,1
DA:175,1
DA:177,42
DA:182,42
DA:183,42
DA:184,42
DA:185,3
DA:186,1
DA:189,1
DA:190,1
DA:191,1
DA:195,2
DA:196,2
DA:201,13
DA:209,2
DA:212,39
DA:217,42
DA:218,42
DA:219,1
DA:220,1
DA:221,1
DA:222,1
DA:227,42
DA:228,42
DA:230,42
DA:231,42
DA:232,42
DA:233,4
DA:236,42
DA:237,19
DA:238,1
DA:239,1
DA:241,18
DA:243,23
DA:244,3
DA:248,3
DA:249,3
DA:250,2
DA:253,2
DA:257,3
DA:258,2
DA:259,2
DA:263,42
DA:266,42
DA:267,42
DA:268,42
DA:270,29
DA:272,28
DA:273,28
DA:275,28
DA:276,1
DA:280,27
DA:283,27
DA:286,27
DA:290,1
DA:293,13
DA:299,42
DA:300,21
DA:303,21
DA:308,20
DA:309,20
DA:314,42
DA:315,42
DA:316,42
DA:319,42
DA:320,42
DA:322,42
DA:324,42
DA:325,2
DA:326,1
DA:329,1
DA:333,1
DA:334,1
DA:335,1
DA:336,1
DA:339,40
DA:343,42
DA:346,42
DA:347,40
DA:349,2
DA:352,42
DA:353,42
DA:356,42
DA:358,42
DA:359,42
DA:360,39
DA:361,1
DA:363,39
DA:366,39
DA:367,39
DA:369,39
DA:374,1
DA:380,32
DA:385,32
DA:386,32
DA:395,32
DA:398,32
DA:408,32
DA:409,32
DA:411,32
DA:412,3
DA:413,3
DA:414,3
DA:416,3
DA:417,1
DA:418,2
DA:419,1
DA:420,1
DA:423,3
DA:426,32
DA:427,1
DA:431,32
DA:432,2
DA:433,2
DA:434,2
DA:435,2
DA:436,2
DA:437,2
DA:438,2
DA:442,32
DA:444,32
DA:445,4
DA:447,4
DA:451,4
DA:459,2
DA:460,2
DA:461,1
DA:462,1
DA:465,1
DA:467,1
DA:470,2
DA:471,2
DA:476,10
DA:478,1
DA:483,2
DA:487,10
DA:488,1
DA:496,1
DA:500,10
DA:501,1
DA:510,1
DA:514,10
DA:515,1
DA:523,1
DA:526,10
DA:529,10
DA:533,1
DA:537,9
DA:541,1
DA:545,8
DA:549,1
DA:553,7
DA:557,1
DA:562,6
DA:568,10
DA:572,10
LF:196
LH:196
BRDA:60,0,0,43
BRDA:60,0,1,39
BRDA:65,1,0,1
BRDA:65,1,1,42
BRDA:73,2,0,41
BRDA:73,2,1,1
BRDA:97,3,0,42
BRDA:97,3,1,41
BRDA:101,4,0,2
BRDA:101,4,1,40
BRDA:119,5,0,4
BRDA:119,5,1,38
BRDA:133,6,0,1
BRDA:133,6,1,41
BRDA:155,7,0,1
BRDA:155,7,1,42
BRDA:156,8,0,42
BRDA:156,8,1,39
BRDA:164,9,0,1
BRDA:164,9,1,41
BRDA:184,10,0,3
BRDA:184,10,1,39
BRDA:185,11,0,1
BRDA:185,11,1,2
BRDA:202,12,0,1
BRDA:202,12,1,1
BRDA:218,13,0,1
BRDA:218,13,1,41
BRDA:218,14,0,42
BRDA:218,14,1,24
BRDA:227,15,0,23
BRDA:227,15,1,19
BRDA:227,16,0,42
BRDA:227,16,1,24
BRDA:232,17,0,4
BRDA:232,17,1,38
BRDA:236,18,0,19
BRDA:236,18,1,23
BRDA:237,19,0,1
BRDA:237,19,1,18
BRDA:243,20,0,3
BRDA:243,20,1,20
BRDA:243,21,0,23
BRDA:243,21,1,3
BRDA:249,22,0,2
BRDA:249,22,1,1
BRDA:254,23,0,2
BRDA:254,23,1,2
BRDA:257,24,0,2
BRDA:257,24,1,1
BRDA:270,25,0,28
BRDA:270,25,1,1
BRDA:275,26,0,1
BRDA:275,26,1,27
BRDA:299,27,0,21
BRDA:299,27,1,21
BRDA:299,28,0,42
BRDA:299,28,1,24
BRDA:303,29,0,20
BRDA:303,29,1,1
BRDA:304,30,0,21
BRDA:304,30,1,21
BRDA:304,30,2,20
BRDA:320,31,0,42
BRDA:320,31,1,4
BRDA:324,32,0,2
BRDA:324,32,1,40
BRDA:325,33,0,1
BRDA:325,33,1,1
BRDA:346,34,0,40
BRDA:346,34,1,2
BRDA:360,35,0,1
BRDA:360,35,1,38
BRDA:392,36,0,32
BRDA:392,36,1,31
BRDA:405,37,0,32
BRDA:405,37,1,31
BRDA:411,38,0,3
BRDA:411,38,1,29
BRDA:416,39,0,1
BRDA:416,39,1,2
BRDA:418,40,0,1
BRDA:418,40,1,1
BRDA:426,41,0,1
BRDA:426,41,1,31
BRDA:431,42,0,2
BRDA:431,42,1,30
BRDA:444,43,0,4
BRDA:444,43,1,28
BRDA:447,44,0,4
BRDA:447,44,1,3
BRDA:460,45,0,1
BRDA:460,45,1,1
BRDA:471,46,0,1
BRDA:471,46,1,1
BRDA:476,47,0,2
BRDA:476,47,1,8
BRDA:487,48,0,1
BRDA:487,48,1,9
BRDA:487,49,0,10
BRDA:487,49,1,9
BRDA:500,50,0,1
BRDA:500,50,1,9
BRDA:500,51,0,10
BRDA:500,51,1,9
BRDA:514,52,0,1
BRDA:514,52,1,9
BRDA:514,53,0,10
BRDA:514,53,1,9
BRDA:529,54,0,1
BRDA:529,54,1,9
BRDA:530,55,0,10
BRDA:530,55,1,9
BRDA:537,56,0,1
BRDA:537,56,1,8
BRDA:538,57,0,9
BRDA:538,57,1,8
BRDA:545,58,0,1
BRDA:545,58,1,7
BRDA:546,59,0,8
BRDA:546,59,1,7
BRDA:553,60,0,1
BRDA:553,60,1,6
BRDA:554,61,0,7
BRDA:554,61,1,6
BRF:125
BRH:125
end_of_record
TN:
SF:src\commands\init.js
FN:28,init
FN:76,(anonymous_1)
FNF:2
FNH:2
FNDA:17,init
FNDA:2,(anonymous_1)
DA:29,17
DA:30,17
DA:31,5
DA:32,5
DA:36,5
DA:39,5
DA:40,1
DA:44,16
DA:45,1
DA:49,1
DA:52,15
DA:54,15
DA:55,5
DA:56,5
DA:59,15
DA:60,1
DA:64,1
DA:67,14
DA:68,14
DA:69,14
DA:70,13
DA:72,13
DA:74,5
DA:75,5
DA:76,5
DA:77,2
DA:80,5
DA:81,3
DA:82,3
DA:84,2
DA:86,8
DA:89,10
DA:90,8
DA:91,7
DA:93,3
DA:94,3
DA:95,3
DA:96,3
DA:97,3
DA:101,4
DA:102,4
DA:104,7
DA:107,1
DA:108,1
LF:44
LH:44
BRDA:30,0,0,5
BRDA:30,0,1,12
BRDA:39,1,0,1
BRDA:39,1,1,4
BRDA:39,2,0,5
BRDA:39,2,1,2
BRDA:44,3,0,1
BRDA:44,3,1,15
BRDA:54,4,0,5
BRDA:54,4,1,10
BRDA:59,5,0,1
BRDA:59,5,1,14
BRDA:59,6,0,15
BRDA:59,6,1,15
BRDA:72,7,0,5
BRDA:72,7,1,8
BRDA:75,8,0,5
BRDA:75,8,1,2
BRDA:80,9,0,3
BRDA:80,9,1,2
BRDA:89,10,0,2
BRDA:89,10,1,8
BRDA:90,11,0,7
BRDA:90,11,1,1
BRDA:91,12,0,3
BRDA:91,12,1,4
BRF:26
BRH:26
end_of_record
TN:
SF:src\commands\list.js
FN:20,list
FN:33,(anonymous_1)
FN:132,padRight
FNF:3
FNH:3
FNDA:9,list
FNDA:7,(anonymous_1)
FNDA:66,padRight
DA:21,9
DA:23,9
DA:24,9
DA:25,9
DA:27,9
DA:30,9
DA:31,8
DA:32,7
DA:33,7
DA:44,6
DA:49,8
DA:50,3
DA:51,3
DA:54,8
DA:55,2
DA:56,2
DA:59,2
DA:62,6
DA:64,6
DA:65,1
DA:66,1
DA:70,5
DA:71,5
DA:72,5
DA:75,5
DA:80,5
DA:83,5
DA:84,5
DA:85,6
DA:86,6
DA:87,6
DA:90,6
DA:91,6
DA:92,1
DA:93,5
DA:94,3
DA:95,2
DA:96,1
DA:100,6
DA:102,6
DA:103,6
DA:108,5
DA:110,5
DA:113,9
DA:114,9
DA:116,1
DA:125,1
DA:133,66
DA:134,60
LF:49
LH:49
BRDA:21,0,0,9
BRDA:21,0,1,9
BRDA:30,1,0,8
BRDA:30,1,1,1
BRDA:32,2,0,6
BRDA:32,2,1,1
BRDA:49,3,0,3
BRDA:49,3,1,5
BRDA:54,4,0,2
BRDA:54,4,1,6
BRDA:64,5,0,1
BRDA:64,5,1,5
BRDA:87,6,0,2
BRDA:87,6,1,4
BRDA:91,7,0,1
BRDA:91,7,1,5
BRDA:91,8,0,6
BRDA:91,8,1,2
BRDA:93,9,0,3
BRDA:93,9,1,2
BRDA:95,10,0,1
BRDA:95,10,1,1
BRDA:100,11,0,6
BRDA:100,11,1,1
BRDA:102,12,0,2
BRDA:102,12,1,4
BRDA:104,13,0,6
BRDA:104,13,1,4
BRDA:104,14,0,2
BRDA:104,14,1,4
BRDA:110,15,0,4
BRDA:110,15,1,1
BRDA:133,16,0,6
BRDA:133,16,1,60
BRF:34
BRH:34
end_of_record
TN:
SF:src\commands\rollback.js
FN:27,rollback
FN:41,(anonymous_1)
FN:82,(anonymous_2)
FN:87,(anonymous_3)
FN:101,(anonymous_4)
FN:102,(anonymous_5)
FN:134,(anonymous_6)
FN:137,(anonymous_7)
FNF:8
FNH:8
FNDA:13,rollback
FNDA:22,(anonymous_1)
FNDA:7,(anonymous_2)
FNDA:4,(anonymous_3)
FNDA:14,(anonymous_4)
FNDA:7,(anonymous_5)
FNDA:8,(anonymous_6)
FNDA:7,(anonymous_7)
DA:28,13
DA:29,13
DA:31,13
DA:32,13
DA:35,13
DA:36,13
DA:37,13
DA:39,13
DA:40,13
DA:41,22
DA:47,11
DA:48,11
DA:51,2
DA:52,2
DA:55,13
DA:56,1
DA:57,1
DA:65,1
DA:68,12
DA:69,1
DA:70,1
DA:71,1
DA:74,11
DA:75,11
DA:76,11
DA:79,11
DA:80,11
DA:81,4
DA:82,7
DA:83,4
DA:84,2
DA:85,2
DA:86,2
DA:87,2
DA:88,4
DA:89,4
DA:90,4
DA:91,4
DA:92,4
DA:96,2
DA:100,7
DA:101,14
DA:102,7
DA:103,7
DA:104,7
DA:105,2
DA:106,2
DA:108,5
DA:111,7
DA:112,1
DA:113,1
DA:114,1
DA:117,7
DA:122,7
DA:124,6
DA:125,6
DA:126,1
DA:127,1
DA:130,1
DA:134,8
DA:136,7
DA:138,7
DA:139,7
DA:142,7
DA:143,7
DA:144,1
DA:146,7
DA:150,6
DA:159,6
LF:69
LH:69
BRDA:29,0,0,13
BRDA:29,0,1,13
BRDA:40,1,0,11
BRDA:40,1,1,2
BRDA:47,2,0,11
BRDA:47,2,1,1
BRDA:55,3,0,1
BRDA:55,3,1,12
BRDA:68,4,0,1
BRDA:68,4,1,11
BRDA:80,5,0,4
BRDA:80,5,1,7
BRDA:83,6,0,2
BRDA:83,6,1,2
BRDA:89,7,0,2
BRDA:89,7,1,2
BRDA:91,8,0,1
BRDA:91,8,1,3
BRDA:104,9,0,2
BRDA:104,9,1,5
BRDA:111,10,0,1
BRDA:111,10,1,6
BRDA:122,11,0,6
BRDA:122,11,1,1
BRDA:125,12,0,1
BRDA:125,12,1,5
BRDA:143,13,0,1
BRDA:143,13,1,6
BRDA:147,14,0,7
BRDA:147,14,1,1
BRF:30
BRH:30
end_of_record
TN:
SF:src\commands\status.js
FN:17,status
FN:46,(anonymous_1)
FN:73,(anonymous_2)
FNF:3
FNH:3
FNDA:9,status
FNDA:5,(anonymous_1)
FNDA:5,(anonymous_2)
DA:18,9
DA:19,9
DA:20,1
DA:21,1
DA:22,1
DA:25,8
DA:26,8
DA:27,1
DA:30,1
DA:33,7
DA:34,7
DA:38,7
DA:39,7
DA:40,7
DA:41,6
DA:43,6
DA:45,5
DA:46,5
DA:49,5
DA:50,5
DA:51,5
DA:52,5
DA:55,5
DA:56,1
DA:58,5
DA:59,5
DA:64,5
DA:65,3
DA:68,3
DA:69,3
DA:72,5
DA:74,5
DA:75,5
DA:78,5
DA:80,1
DA:81,1
DA:84,1
DA:85,1
LF:38
LH:38
BRDA:19,0,0,1
BRDA:19,0,1,8
BRDA:26,1,0,1
BRDA:26,1,1,7
BRDA:26,2,0,8
BRDA:26,2,1,8
BRDA:43,3,0,5
BRDA:43,3,1,1
BRDA:43,4,0,6
BRDA:43,4,1,6
BRDA:45,5,0,5
BRDA:45,5,1,1
BRDA:53,6,0,5
BRDA:53,6,1,1
BRDA:55,7,0,1
BRDA:55,7,1,4
BRDA:58,8,0,5
BRDA:58,8,1,1
BRDA:60,9,0,5
BRDA:60,9,1,1
BRDA:64,10,0,3
BRDA:64,10,1,2
BRDA:64,11,0,5
BRDA:64,11,1,3
BRDA:66,12,0,3
BRDA:66,12,1,1
BRDA:68,13,0,1
BRDA:68,13,1,2
BRF:28
BRH:28
end_of_record
TN:
SF:src\commands\versions.js
FN:25,versions
FN:57,(anonymous_1)
FN:93,(anonymous_2)
FN:149,(anonymous_3)
FNF:4
FNH:4
FNDA:10,versions
FNDA:5,(anonymous_1)
FNDA:2,(anonymous_2)
FNDA:4,(anonymous_3)
DA:26,10
DA:27,10
DA:29,10
DA:30,2
DA:38,2
DA:41,9
DA:42,1
DA:43,1
DA:44,1
DA:45,1
DA:48,9
DA:49,9
DA:51,9
DA:52,9
DA:55,9
DA:56,9
DA:57,7
DA:64,7
DA:67,2
DA:68,2
DA:71,9
DA:72,3
DA:73,3
DA:82,3
DA:85,6
DA:87,6
DA:88,2
DA:93,2
DA:106,2
DA:109,4
DA:110,4
DA:111,4
DA:114,4
DA:119,4
DA:121,4
DA:122,4
DA:125,4
DA:126,4
DA:127,4
DA:128,4
DA:131,4
DA:132,4
DA:133,4
DA:134,4
DA:135,4
DA:139,4
DA:141,4
DA:146,4
DA:147,4
DA:148,4
DA:150,4
DA:151,4
DA:154,4
DA:156,3
DA:165,3
LF:55
LH:55
BRDA:27,0,0,10
BRDA:27,0,1,10
BRDA:29,1,0,2
BRDA:29,1,1,8
BRDA:41,2,0,1
BRDA:41,2,1,8
BRDA:56,3,0,7
BRDA:56,3,1,2
BRDA:59,4,0,5
BRDA:59,4,1,1
BRDA:60,5,0,5
BRDA:60,5,1,1
BRDA:61,6,0,5
BRDA:61,6,1,2
BRDA:62,7,0,5
BRDA:62,7,1,2
BRDA:64,8,0,7
BRDA:64,8,1,3
BRDA:71,9,0,3
BRDA:71,9,1,6
BRDA:87,10,0,2
BRDA:87,10,1,4
BRDA:128,11,0,3
BRDA:128,11,1,1
BRDA:135,12,0,3
BRDA:135,12,1,1
BRDA:139,13,0,4
BRDA:139,13,1,2
BRF:28
BRH:28
end_of_record
TN:
SF:src\utils\api.js
FN:33,apiRequest
FN:77,(anonymous_1)
FN:88,(anonymous_2)
FN:98,(anonymous_3)
FN:133,getNextVersionFromAPI
FN:136,(anonymous_5)
FN:143,recordDeployment
FN:172,listDeployments
FN:179,getDeployment
FN:186,getVersions
FN:193,rollbackVersion
FN:203,checkSubdomainAvailable
FN:211,reserveSubdomain
FN:221,unreserveSubdomain
FN:231,listSubdomains
FN:238,getCurrentUser
FN:245,healthCheck
FN:252,resendVerification
FN:261,regenerateApiKey
FNF:19
FNH:16
FNDA:30,apiRequest
FNDA:0,(anonymous_1)
FNDA:0,(anonymous_2)
FNDA:0,(anonymous_3)
FNDA:2,getNextVersionFromAPI
FNDA:2,(anonymous_5)
FNDA:1,recordDeployment
FNDA:1,listDeployments
FNDA:1,getDeployment
FNDA:1,getVersions
FNDA:1,rollbackVersion
FNDA:1,checkSubdomainAvailable
FNDA:1,reserveSubdomain
FNDA:1,unreserveSubdomain
FNDA:1,listSubdomains
FNDA:1,getCurrentUser
FNDA:1,healthCheck
FNDA:1,resendVerification
FNDA:1,regenerateApiKey
DA:19,2
DA:34,30
DA:35,30
DA:37,30
DA:38,30
DA:39,30
DA:47,30
DA:48,29
DA:49,29
DA:50,29
DA:56,29
DA:57,29
DA:58,29
DA:59,29
DA:61,29
DA:63,29
DA:65,29
DA:66,29
DA:69,30
DA:70,30
DA:76,28
DA:77,4
DA:78,4
DA:79,2
DA:83,2
DA:87,24
DA:88,3
DA:90,3
DA:91,1
DA:93,2
DA:97,21
DA:98,2
DA:99,2
DA:102,19
DA:104,19
DA:105,2
DA:112,17
DA:115,13
DA:116,11
DA:119,2
DA:124,1
DA:126,1
DA:134,2
DA:135,2
DA:136,2
DA:137,1
DA:152,1
DA:154,1
DA:173,1
DA:180,1
DA:187,1
DA:194,1
DA:204,1
DA:205,1
DA:212,1
DA:223,1
DA:232,1
DA:239,1
DA:246,1
DA:253,1
DA:262,1
LF:61
LH:61
BRDA:33,0,0,30
BRDA:47,1,0,29
BRDA:47,1,1,1
BRDA:49,2,0,29
BRDA:49,2,1,22
BRDA:50,3,0,29
BRDA:50,3,1,24
BRDA:76,4,0,4
BRDA:76,4,1,24
BRDA:78,5,0,2
BRDA:78,5,1,2
BRDA:80,6,0,2
BRDA:80,6,1,1
BRDA:83,7,0,2
BRDA:83,7,1,1
BRDA:87,8,0,3
BRDA:87,8,1,21
BRDA:90,9,0,1
BRDA:90,9,1,2
BRDA:93,10,0,2
BRDA:93,10,1,1
BRDA:97,11,0,2
BRDA:97,11,1,19
BRDA:99,12,0,2
BRDA:99,12,1,1
BRDA:104,13,0,2
BRDA:104,13,1,17
BRDA:106,14,0,2
BRDA:106,14,1,1
BRDA:106,14,2,1
BRDA:115,15,0,11
BRDA:115,15,1,2
BRDA:115,16,0,13
BRDA:115,16,1,2
BRDA:119,17,0,1
BRDA:119,17,1,1
BRDA:120,18,0,2
BRDA:120,18,1,1
BRDA:120,18,2,1
BRDA:135,19,0,1
BRDA:135,19,1,1
BRDA:172,20,0,1
BRDA:172,21,0,1
BRDA:205,22,0,1
BRDA:205,22,1,1
BRF:45
BRH:45
end_of_record
TN:
SF:src\utils\credentials.js
FN:15,getConfigDir
FN:22,getCredentialsPath
FN:29,getClientTokenPath
FN:36,ensureConfigDir
FN:47,getClientToken
FN:69,getCredentials
FN:98,saveCredentials
FN:116,clearCredentials
FN:130,isLoggedIn
FN:138,getApiKey
FN:146,getApiSecret
FNF:11
FNH:11
FNDA:21,getConfigDir
FNDA:15,getCredentialsPath
FNDA:2,getClientTokenPath
FNDA:4,ensureConfigDir
FNDA:2,getClientToken
FNDA:10,getCredentials
FNDA:2,saveCredentials
FNDA:3,clearCredentials
FNDA:2,isLoggedIn
FNDA:2,getApiKey
FNDA:3,getApiSecret
DA:16,21
DA:23,15
DA:30,2
DA:37,4
DA:38,4
DA:39,2
DA:48,2
DA:49,2
DA:51,2
DA:52,2
DA:53,1
DA:60,1
DA:61,1
DA:62,1
DA:70,10
DA:71,10
DA:72,10
DA:73,5
DA:74,5
DA:77,5
DA:78,4
DA:91,6
DA:99,2
DA:101,2
DA:110,2
DA:117,3
DA:118,3
DA:119,3
DA:120,2
DA:131,2
DA:132,2
DA:139,2
DA:140,2
DA:147,3
DA:148,3
LF:35
LH:35
BRDA:38,0,0,2
BRDA:38,0,1,2
BRDA:52,1,0,1
BRDA:52,1,1,1
BRDA:72,2,0,5
BRDA:72,2,1,5
BRDA:77,3,0,4
BRDA:77,3,1,1
BRDA:80,4,0,4
BRDA:80,4,1,3
BRDA:81,5,0,4
BRDA:81,5,1,3
BRDA:82,6,0,4
BRDA:82,6,1,3
BRDA:83,7,0,4
BRDA:83,7,1,3
BRDA:84,8,0,4
BRDA:84,8,1,4
BRDA:103,9,0,2
BRDA:103,9,1,2
BRDA:104,10,0,2
BRDA:104,10,1,1
BRDA:105,11,0,2
BRDA:105,11,1,1
BRDA:106,12,0,2
BRDA:106,12,1,1
BRDA:119,13,0,2
BRDA:119,13,1,1
BRDA:132,14,0,2
BRDA:132,14,1,1
BRDA:140,15,0,2
BRDA:140,15,1,1
BRDA:140,15,2,1
BRDA:148,16,0,3
BRDA:148,16,1,2
BRDA:148,16,2,1
BRF:36
BRH:36
end_of_record
TN:
SF:src\utils\endpoint.js
FN:15,validateEndpoint
FNF:1
FNH:1
FNDA:8,validateEndpoint
DA:16,8
DA:17,2
DA:21,6
DA:22,2
DA:29,4
DA:30,1
DA:34,3
DA:35,1
DA:54,2
DA:55,2
DA:56,1
LF:11
LH:11
BRDA:16,0,0,2
BRDA:16,0,1,6
BRDA:16,1,0,8
BRDA:16,1,1,6
BRDA:21,2,0,2
BRDA:21,2,1,4
BRDA:29,3,0,1
BRDA:29,3,1,3
BRDA:29,4,0,4
BRDA:29,4,1,3
BRDA:34,5,0,1
BRDA:34,5,1,2
BRDA:55,6,0,1
BRDA:55,6,1,1
BRF:14
BRH:14
end_of_record
TN:
SF:src\utils\errors.js
FN:10,(anonymous_0)
FN:23,(anonymous_1)
FN:34,(anonymous_2)
FN:47,(anonymous_3)
FN:58,(anonymous_4)
FN:69,(anonymous_5)
FN:86,handleCommonError
FNF:7
FNH:7
FNDA:25,(anonymous_0)
FNDA:4,(anonymous_1)
FNDA:4,(anonymous_2)
FNDA:2,(anonymous_3)
FNDA:3,(anonymous_4)
FNDA:1,(anonymous_5)
FNDA:13,handleCommonError
DA:11,25
DA:12,25
DA:13,25
DA:14,25
DA:15,25
DA:24,4
DA:25,4
DA:26,4
DA:35,4
DA:36,4
DA:37,4
DA:38,4
DA:39,4
DA:48,2
DA:49,2
DA:50,2
DA:59,3
DA:60,3
DA:61,3
DA:73,1
DA:74,1
DA:75,1
DA:76,1
DA:87,13
DA:89,13
DA:90,1
DA:91,1
DA:92,1
DA:93,1
DA:96,12
DA:97,1
DA:98,1
DA:99,1
DA:102,11
DA:103,1
DA:104,1
DA:105,1
DA:106,1
DA:109,10
DA:110,1
DA:111,1
DA:112,1
DA:113,1
DA:116,9
LF:44
LH:44
BRDA:10,0,0,25
BRDA:10,1,0,25
BRDA:23,2,0,4
BRDA:34,3,0,4
BRDA:34,4,0,4
BRDA:38,5,0,4
BRDA:38,5,1,4
BRDA:39,6,0,4
BRDA:39,6,1,4
BRDA:47,7,0,2
BRDA:47,8,0,2
BRDA:58,9,0,3
BRDA:70,10,0,1
BRDA:71,11,0,1
BRDA:89,12,0,1
BRDA:89,12,1,12
BRDA:89,13,0,13
BRDA:89,13,1,12
BRDA:96,14,0,1
BRDA:96,14,1,11
BRDA:96,15,0,12
BRDA:96,15,1,11
BRDA:102,16,0,1
BRDA:102,16,1,10
BRDA:102,17,0,11
BRDA:102,17,1,10
BRDA:109,18,0,1
BRDA:109,18,1,9
BRDA:109,19,0,10
BRDA:109,19,1,9
BRF:30
BRH:30
end_of_record
TN:
SF:src\utils\expiration.js
FN:8,parseTimeString
FN:49,calculateExpiresAt
FN:59,formatTimeRemaining
FN:86,isExpired
FNF:4
FNH:4
FNDA:13,parseTimeString
FNDA:1,calculateExpiresAt
FNDA:8,formatTimeRemaining
FNDA:5,isExpired
DA:7,3
DA:9,13
DA:10,13
DA:12,13
DA:13,3
DA:18,10
DA:19,10
DA:21,10
DA:22,10
DA:24,4
DA:25,4
DA:27,3
DA:28,3
DA:30,2
DA:31,2
DA:33,1
DA:37,9
DA:38,2
DA:41,7
DA:50,1
DA:51,1
DA:60,8
DA:61,8
DA:62,8
DA:64,8
DA:65,2
DA:68,6
DA:69,6
DA:70,6
DA:72,6
DA:73,4
DA:74,2
DA:75,1
DA:77,1
DA:87,5
DA:88,4
LF:36
LH:36
BRDA:12,0,0,3
BRDA:12,0,1,10
BRDA:22,1,0,4
BRDA:22,1,1,3
BRDA:22,1,2,2
BRDA:22,1,3,1
BRDA:37,2,0,2
BRDA:37,2,1,7
BRDA:64,3,0,2
BRDA:64,3,1,6
BRDA:72,4,0,4
BRDA:72,4,1,2
BRDA:74,5,0,1
BRDA:74,5,1,1
BRDA:87,6,0,1
BRDA:87,6,1,4
BRF:16
BRH:16
end_of_record
TN:
SF:src\utils\id.js
FN:15,generateSubdomain
FNF:1
FNH:1
FNDA:120,generateSubdomain
DA:8,2
DA:9,2
DA:16,120
LF:3
LH:3
BRF:0
BRH:0
end_of_record
TN:
SF:src\utils\ignore.js
FN:47,isIgnored
FNF:1
FNH:1
FNDA:41,isIgnored
DA:6,2
DA:27,2
DA:48,41
DA:49,16
DA:51,25
LF:5
LH:5
BRDA:47,0,0,41
BRDA:48,1,0,16
BRDA:48,1,1,25
BRDA:51,2,0,25
BRDA:51,2,1,24
BRF:5
BRH:5
end_of_record
TN:
SF:src\utils\localConfig.js
FN:10,getConfigDir
FN:17,getDeploymentsPath
FN:24,ensureConfigDir
FN:35,getLocalData
FN:53,saveLocalDeployment
FN:68,getLocalDeployments
FN:76,clearLocalDeployments
FNF:7
FNH:7
FNDA:11,getConfigDir
FNDA:8,getDeploymentsPath
FNDA:3,ensureConfigDir
FNDA:5,getLocalData
FNDA:2,saveLocalDeployment
FNDA:3,getLocalDeployments
FNDA:1,clearLocalDeployments
DA:11,11
DA:18,8
DA:25,3
DA:26,3
DA:27,1
DA:36,5
DA:37,5
DA:38,2
DA:40,3
DA:41,3
DA:42,3
DA:44,1
DA:54,2
DA:56,2
DA:57,2
DA:59,2
DA:60,2
DA:61,2
DA:69,3
DA:70,3
DA:77,1
DA:78,1
DA:79,1
DA:80,1
LF:24
LH:24
BRDA:26,0,0,1
BRDA:26,0,1,2
BRDA:37,1,0,2
BRDA:37,1,1,3
BRF:4
BRH:4
end_of_record
TN:
SF:src\utils\logger.js
FN:11,success
FN:22,error
FN:36,info
FN:44,warning
FN:52,log
FN:61,raw
FN:75,spinner
FN:87,(anonymous_7)
FN:97,(anonymous_8)
FN:108,(anonymous_9)
FN:119,(anonymous_10)
FN:130,(anonymous_11)
FN:140,(anonymous_12)
FN:155,formatSize
FN:171,errorWithSuggestions
FN:176,(anonymous_15)
FNF:16
FNH:16
FNDA:1,success
FNDA:5,error
FNDA:1,info
FNDA:2,warning
FNDA:6,log
FNDA:2,raw
FNDA:6,spinner
FNDA:2,(anonymous_7)
FNDA:3,(anonymous_8)
FNDA:2,(anonymous_9)
FNDA:2,(anonymous_10)
FNDA:2,(anonymous_11)
FNDA:3,(anonymous_12)
FNDA:5,formatSize
FNDA:2,errorWithSuggestions
FNDA:2,(anonymous_15)
DA:5,2
DA:12,1
DA:23,5
DA:24,5
DA:25,2
DA:26,2
DA:37,1
DA:45,2
DA:53,6
DA:62,2
DA:63,2
DA:64,1
DA:66,1
DA:76,6
DA:82,6
DA:88,2
DA:89,1
DA:98,3
DA:99,1
DA:100,1
DA:109,2
DA:110,1
DA:111,1
DA:120,2
DA:121,1
DA:122,1
DA:131,2
DA:132,1
DA:133,1
DA:141,3
DA:142,2
DA:143,2
DA:156,5
DA:158,4
DA:159,4
DA:160,4
DA:162,4
DA:172,2
DA:173,2
DA:174,1
DA:175,1
DA:176,1
DA:177,2
LF:43
LH:43
BRDA:22,0,0,5
BRDA:24,1,0,2
BRDA:24,1,1,3
BRDA:24,2,0,5
BRDA:24,2,1,2
BRDA:27,3,0,2
BRDA:27,3,1,1
BRDA:52,4,0,6
BRDA:61,5,0,2
BRDA:63,6,0,1
BRDA:63,6,1,1
BRDA:88,7,0,1
BRDA:88,7,1,1
BRDA:98,8,0,1
BRDA:98,8,1,2
BRDA:109,9,0,1
BRDA:109,9,1,1
BRDA:120,10,0,1
BRDA:120,10,1,1
BRDA:131,11,0,1
BRDA:131,11,1,1
BRDA:141,12,0,2
BRDA:141,12,1,1
BRDA:155,13,0,5
BRDA:156,14,0,1
BRDA:156,14,1,4
BRDA:171,15,0,2
BRDA:171,16,0,2
BRDA:173,17,0,1
BRDA:173,17,1,1
BRF:30
BRH:30
end_of_record
TN:
SF:src\utils\machineId.js
FN:12,getMachineId
FNF:1
FNH:1
FNDA:2,getMachineId
DA:13,2
DA:14,2
DA:16,2
DA:17,2
DA:21,1
DA:22,1
DA:23,1
LF:7
LH:7
BRF:0
BRH:0
end_of_record
TN:
SF:src\utils\metadata.js
FN:13,getApiKey
FN:20,apiRequest
FN:62,recordDeploymentInMetadata
FN:90,listDeploymentsFromR2
FN:100,getNextVersion
FN:107,(anonymous_5)
FN:116,getVersionsForSubdomain
FN:126,setActiveVersion
FN:138,getActiveVersion
FN:150,copyVersionFiles
FN:162,listVersionFiles
FN:169,(anonymous_11)
FN:186,deleteSubdomain
FN:199,getExpiredDeployments
FN:209,removeDeploymentRecords
FN:220,cleanupExpiredDeployments
FNF:16
FNH:16
FNDA:19,getApiKey
FNDA:19,apiRequest
FNDA:2,recordDeploymentInMetadata
FNDA:6,listDeploymentsFromR2
FNDA:3,getNextVersion
FNDA:3,(anonymous_5)
FNDA:2,getVersionsForSubdomain
FNDA:1,setActiveVersion
FNDA:2,getActiveVersion
FNDA:1,copyVersionFiles
FNDA:3,listVersionFiles
FNDA:1,(anonymous_11)
FNDA:1,deleteSubdomain
FNDA:1,getExpiredDeployments
FNDA:1,removeDeploymentRecords
FNDA:1,cleanupExpiredDeployments
DA:8,1
DA:14,19
DA:21,19
DA:23,19
DA:29,19
DA:30,19
DA:35,17
DA:37,16
DA:38,2
DA:41,14
DA:43,5
DA:47,2
DA:49,3
DA:70,2
DA:72,2
DA:91,6
DA:92,4
DA:101,3
DA:103,2
DA:104,1
DA:107,3
DA:108,1
DA:117,2
DA:118,2
DA:127,1
DA:139,2
DA:140,2
DA:153,1
DA:163,3
DA:165,3
DA:166,1
DA:169,2
DA:170,2
DA:189,1
DA:201,1
DA:210,1
DA:222,1
LF:37
LH:37
BRDA:14,0,0,19
BRDA:14,0,1,1
BRDA:20,1,0,19
BRDA:37,2,0,2
BRDA:37,2,1,14
BRDA:38,3,0,2
BRDA:38,3,1,1
BRDA:43,4,0,2
BRDA:43,4,1,3
BRDA:44,5,0,5
BRDA:44,5,1,4
BRDA:66,6,0,2
BRDA:67,7,0,2
BRDA:68,8,0,2
BRDA:70,9,0,2
BRDA:70,9,1,1
BRDA:81,10,0,2
BRDA:81,10,1,2
BRDA:92,11,0,4
BRDA:92,11,1,1
BRDA:103,12,0,1
BRDA:103,12,1,1
BRDA:103,13,0,2
BRDA:103,13,1,2
BRDA:103,13,2,2
BRDA:118,14,0,2
BRDA:118,14,1,1
BRDA:140,15,0,2
BRDA:140,15,1,1
BRDA:165,16,0,1
BRDA:165,16,1,2
BRDA:165,17,0,3
BRDA:165,17,1,3
BRDA:170,18,0,1
BRDA:170,18,1,1
BRF:35
BRH:35
end_of_record
TN:
SF:src\utils\projectConfig.js
FN:10,findProjectRoot
FN:26,getProjectConfig
FN:44,saveProjectConfig
FN:53,updateProjectConfig
FN:70,initProjectConfig
FNF:5
FNH:5
FNDA:3,findProjectRoot
FNDA:5,getProjectConfig
FNDA:3,saveProjectConfig
FNDA:2,updateProjectConfig
FNDA:1,initProjectConfig
DA:5,1
DA:11,3
DA:12,3
DA:13,4
DA:14,2
DA:16,2
DA:17,2
DA:18,1
DA:20,1
DA:27,5
DA:29,4
DA:30,4
DA:31,4
DA:32,3
DA:33,2
DA:38,2
DA:45,3
DA:46,3
DA:47,3
DA:57,2
DA:58,1
DA:59,1
DA:64,1
DA:71,1
DA:76,1
LF:25
LH:25
BRDA:10,0,0,3
BRDA:13,1,0,2
BRDA:13,1,1,2
BRDA:17,2,0,1
BRDA:17,2,1,1
BRDA:26,3,0,5
BRDA:27,4,0,1
BRDA:27,4,1,4
BRDA:31,5,0,3
BRDA:31,5,1,1
BRDA:44,6,0,3
BRDA:55,7,0,2
BRDA:57,8,0,1
BRDA:57,8,1,1
BRDA:70,9,0,1
BRF:15
BRH:15
end_of_record
TN:
SF:src\utils\prompt.js
FN:6,prompt
FN:13,(anonymous_1)
FN:14,(anonymous_2)
FN:18,(anonymous_3)
FN:28,promptSecret
FN:29,(anonymous_5)
FN:51,(anonymous_6)
FN:89,cleanup
FN:106,confirm
FNF:9
FNH:9
FNDA:7,prompt
FNDA:7,(anonymous_1)
FNDA:7,(anonymous_2)
FNDA:7,(anonymous_3)
FNDA:7,promptSecret
FNDA:7,(anonymous_5)
FNDA:17,(anonymous_6)
FNDA:7,cleanup
FNDA:6,confirm
DA:7,7
DA:13,7
DA:14,7
DA:15,7
DA:18,7
DA:19,7
DA:29,7
DA:30,7
DA:32,7
DA:35,7
DA:36,6
DA:38,7
DA:39,7
DA:42,7
DA:44,7
DA:51,7
DA:52,17
DA:55,17
DA:56,2
DA:57,2
DA:58,2
DA:62,17
DA:63,5
DA:64,5
DA:65,5
DA:66,5
DA:70,12
DA:71,2
DA:72,1
DA:74,1
DA:76,2
DA:80,10
DA:81,8
DA:82,8
DA:90,7
DA:91,6
DA:93,7
DA:94,7
DA:97,7
DA:107,6
DA:108,6
LF:41
LH:41
BRDA:35,0,0,6
BRDA:35,0,1,1
BRDA:52,1,0,17
BRDA:52,1,1,1
BRDA:55,2,0,2
BRDA:55,2,1,15
BRDA:55,3,0,17
BRDA:55,3,1,2
BRDA:62,4,0,5
BRDA:62,4,1,12
BRDA:62,5,0,17
BRDA:62,5,1,12
BRDA:70,6,0,2
BRDA:70,6,1,10
BRDA:71,7,0,1
BRDA:71,7,1,1
BRDA:80,8,0,8
BRDA:80,8,1,2
BRDA:80,9,0,10
BRDA:80,9,1,10
BRDA:80,9,2,10
BRDA:80,9,3,8
BRDA:90,10,0,6
BRDA:90,10,1,1
BRDA:108,11,0,6
BRDA:108,11,1,4
BRF:26
BRH:26
end_of_record
TN:
SF:src\utils\quota.js
FN:22,checkQuota
FN:38,checkAuthenticatedQuota
FN:113,(anonymous_2)
FN:207,checkAnonymousQuota
FN:244,userOwnsSite
FN:264,(anonymous_5)
FN:268,(anonymous_6)
FN:282,showUpgradePrompt
FN:301,displayQuotaWarnings
FN:304,(anonymous_9)
FN:311,formatBytes
FNF:11
FNH:11
FNDA:29,checkQuota
FNDA:24,checkAuthenticatedQuota
FNDA:1,(anonymous_2)
FNDA:5,checkAnonymousQuota
FNDA:17,userOwnsSite
FNDA:1,(anonymous_5)
FNDA:5,(anonymous_6)
FNDA:2,showUpgradePrompt
FNDA:2,displayQuotaWarnings
FNDA:2,(anonymous_9)
FNDA:53,formatBytes
DA:10,3
DA:23,29
DA:27,29
DA:29,24
DA:32,5
DA:39,24
DA:40,24
DA:41,24
DA:42,1
DA:45,24
DA:51,21
DA:52,4
DA:53,3
DA:57,3
DA:58,3
DA:60,4
DA:63,17
DA:65,3
DA:66,2
DA:67,2
DA:68,2
DA:69,2
DA:71,3
DA:76,29
DA:78,10
DA:87,19
DA:88,19
DA:89,19
DA:99,19
DA:100,19
DA:101,1
DA:102,18
DA:103,17
DA:106,19
DA:109,29
DA:110,29
DA:111,13
DA:113,13
DA:114,12
DA:119,19
DA:122,29
DA:123,3
DA:124,3
DA:133,16
DA:135,13
DA:138,13
DA:141,5
DA:144,5
DA:145,4
DA:146,4
DA:148,1
DA:150,5
DA:161,11
DA:164,29
DA:167,29
DA:169,29
DA:170,3
DA:171,3
DA:172,3
DA:175,3
DA:176,2
DA:178,1
DA:180,3
DA:189,8
DA:190,8
DA:191,1
DA:196,8
DA:208,5
DA:209,5
DA:213,5
DA:218,1
DA:221,4
DA:231,3
DA:232,1
DA:235,2
DA:237,1
DA:245,17
DA:247,2
DA:250,15
DA:251,15
DA:257,14
DA:258,1
DA:259,1
DA:262,11
DA:263,11
DA:264,1
DA:265,1
DA:268,11
DA:269,17
DA:270,1
DA:272,11
DA:274,3
DA:275,3
DA:283,2
DA:284,2
DA:285,2
DA:286,2
DA:287,2
DA:288,2
DA:289,2
DA:290,2
DA:291,2
DA:292,2
DA:293,2
DA:294,2
DA:295,2
DA:302,2
DA:303,1
DA:304,2
DA:312,53
DA:313,24
DA:314,24
DA:315,24
DA:316,24
LF:114
LH:114
BRDA:22,0,0,29
BRDA:22,1,0,29
BRDA:27,2,0,24
BRDA:27,2,1,5
BRDA:38,3,0,24
BRDA:41,4,0,1
BRDA:41,4,1,23
BRDA:51,5,0,4
BRDA:51,5,1,17
BRDA:52,6,0,3
BRDA:52,6,1,1
BRDA:52,7,0,4
BRDA:52,7,1,2
BRDA:65,8,0,2
BRDA:65,8,1,1
BRDA:65,9,0,3
BRDA:65,9,1,1
BRDA:68,10,0,1
BRDA:68,10,1,1
BRDA:69,11,0,1
BRDA:69,11,1,1
BRDA:76,12,0,10
BRDA:76,12,1,19
BRDA:100,13,0,1
BRDA:100,13,1,18
BRDA:102,14,0,17
BRDA:102,14,1,1
BRDA:106,15,0,19
BRDA:106,15,1,18
BRDA:110,16,0,13
BRDA:110,16,1,16
BRDA:113,17,0,12
BRDA:113,17,1,1
BRDA:119,18,0,19
BRDA:119,18,1,3
BRDA:122,19,0,3
BRDA:122,19,1,26
BRDA:123,20,0,2
BRDA:123,20,1,1
BRDA:133,21,0,13
BRDA:133,21,1,3
BRDA:135,22,0,11
BRDA:135,22,1,2
BRDA:138,23,0,8
BRDA:138,23,1,5
BRDA:142,24,0,5
BRDA:142,24,1,1
BRDA:144,25,0,4
BRDA:144,25,1,1
BRDA:161,26,0,11
BRDA:161,26,1,1
BRDA:164,27,0,29
BRDA:164,27,1,8
BRDA:164,27,2,8
BRDA:169,28,0,3
BRDA:169,28,1,26
BRDA:169,29,0,29
BRDA:169,29,1,11
BRDA:175,30,0,2
BRDA:175,30,1,1
BRDA:190,31,0,1
BRDA:190,31,1,7
BRDA:213,32,0,1
BRDA:213,32,1,4
BRDA:214,33,0,5
BRDA:214,33,1,5
BRDA:214,33,2,5
BRDA:231,34,0,1
BRDA:231,34,1,2
BRDA:245,35,0,2
BRDA:245,35,1,15
BRDA:257,36,0,1
BRDA:257,36,1,13
BRDA:263,37,0,1
BRDA:263,37,1,10
BRDA:268,38,0,11
BRDA:268,38,1,9
BRDA:269,39,0,1
BRDA:269,39,1,16
BRDA:302,40,0,1
BRDA:302,40,1,1
BRDA:302,41,0,2
BRDA:302,41,1,2
BRDA:312,42,0,29
BRDA:312,42,1,24
BRF:85
BRH:85
end_of_record
TN:
SF:src\utils\upload.js
FN:16,toPosixPath
FN:28,uploadFile
FN:60,(anonymous_2)
FN:83,completeUpload
FN:153,uploadFolder
FN:166,(anonymous_5)
FN:178,(anonymous_6)
FN:222,finalizeUpload
FNF:8
FNH:7
FNDA:11,toPosixPath
FNDA:11,uploadFile
FNDA:0,(anonymous_2)
FNDA:5,completeUpload
FNDA:10,uploadFolder
FNDA:14,(anonymous_5)
FNDA:14,(anonymous_6)
FNDA:5,finalizeUpload
DA:9,1
DA:17,11
DA:29,11
DA:30,11
DA:31,11
DA:40,11
DA:41,6
DA:42,6
DA:43,6
DA:44,6
DA:45,6
DA:46,6
DA:47,6
DA:49,6
DA:50,6
DA:53,11
DA:59,11
DA:60,4
DA:61,4
DA:62,4
DA:63,4
DA:64,4
DA:66,2
DA:68,4
DA:71,7
DA:92,5
DA:93,5
DA:94,5
DA:99,5
DA:110,5
DA:111,4
DA:112,4
DA:113,4
DA:114,4
DA:115,4
DA:116,4
DA:117,4
DA:119,4
DA:120,4
DA:123,5
DA:129,5
DA:130,3
DA:131,3
DA:132,3
DA:133,3
DA:134,3
DA:138,1
DA:140,3
DA:143,2
DA:159,10
DA:164,10
DA:165,10
DA:166,14
DA:168,10
DA:169,14
DA:171,13
DA:172,13
DA:175,14
DA:176,14
DA:178,14
DA:179,1
DA:183,12
DA:184,1
DA:188,11
DA:191,11
DA:194,11
DA:197,14
DA:198,11
DA:200,11
DA:202,7
DA:205,7
DA:206,2
DA:210,6
DA:231,5
LF:74
LH:74
BRDA:40,0,0,6
BRDA:40,0,1,5
BRDA:59,1,0,4
BRDA:59,1,1,7
BRDA:66,2,0,1
BRDA:66,2,1,1
BRDA:68,3,0,4
BRDA:68,3,1,2
BRDA:110,4,0,4
BRDA:110,4,1,1
BRDA:129,5,0,3
BRDA:129,5,1,2
BRDA:135,6,0,3
BRDA:135,6,1,1
BRDA:156,7,0,10
BRDA:157,8,0,10
BRDA:169,9,0,1
BRDA:169,9,1,13
BRDA:172,10,0,13
BRDA:172,10,1,8
BRDA:178,11,0,1
BRDA:178,11,1,13
BRDA:183,12,0,1
BRDA:183,12,1,11
BRDA:194,13,0,11
BRDA:194,13,1,1
BRDA:205,14,0,2
BRDA:205,14,1,5
BRDA:228,15,0,5
BRDA:229,16,0,5
BRF:30
BRH:30
end_of_record
TN:
SF:src\utils\validator.js
FN:98,validateStaticOnly
FNF:1
FNH:1
FNDA:9,validateStaticOnly
DA:6,1
DA:45,1
DA:99,9
DA:101,9
DA:102,9
DA:107,8
DA:108,21
DA:109,21
DA:112,21
DA:113,6
DA:114,6
DA:118,15
DA:119,1
DA:123,14
DA:125,13
DA:126,1
DA:131,8
DA:136,1
LF:18
LH:18
BRDA:112,0,0,6
BRDA:112,0,1,15
BRDA:112,1,0,21
BRDA:112,1,1,18
BRDA:118,2,0,1
BRDA:118,2,1,14
BRDA:123,3,0,13
BRDA:123,3,1,1
BRDA:125,4,0,1
BRDA:125,4,1,12
BRDA:125,5,0,13
BRDA:125,5,1,12
BRF:12
BRH:12
end_of_record
